[2025-04-03 02:36:44] local.ERROR: File does not exist at path C:\Users\luisp\OneDrive\Escritorio\Proyectos\Classment_Academy_React_Version\Api_Laravel\example-app2/database/migrations/001_0001_00001_create_table_cache.php. {"exception":"[object] (Illuminate\\Contracts\\Filesystem\\FileNotFoundException(code: 0): File does not exist at path C:\\Users\\luisp\\OneDrive\\Escritorio\\Proyectos\\Classment_Academy_React_Version\\Api_Laravel\\example-app2/database/migrations/001_0001_00001_create_table_cache.php. at C:\\Users\\luisp\\OneDrive\\Escritorio\\Proyectos\\Classment_Academy_React_Version\\Api_Laravel\\example-app2\\vendor\\laravel\\framework\\src\\Illuminate\\Filesystem\\Filesystem.php:152)
[stacktrace]
#0 C:\\Users\\luisp\\OneDrive\\Escritorio\\Proyectos\\Classment_Academy_React_Version\\Api_Laravel\\example-app2\\vendor\\laravel\\framework\\src\\Illuminate\\Database\\Migrations\\Migrator.php(557): Illuminate\\Filesystem\\Filesystem->requireOnce('C:\\\\Users\\\\luisp\\\\...')
#1 C:\\Users\\luisp\\OneDrive\\Escritorio\\Proyectos\\Classment_Academy_React_Version\\Api_Laravel\\example-app2\\vendor\\laravel\\framework\\src\\Illuminate\\Database\\Migrations\\Migrator.php(116): Illuminate\\Database\\Migrations\\Migrator->requireFiles(Array)
#2 C:\\Users\\luisp\\OneDrive\\Escritorio\\Proyectos\\Classment_Academy_React_Version\\Api_Laravel\\example-app2\\vendor\\laravel\\framework\\src\\Illuminate\\Database\\Console\\Migrations\\MigrateCommand.php(116): Illuminate\\Database\\Migrations\\Migrator->run(Array, Array)
#3 C:\\Users\\luisp\\OneDrive\\Escritorio\\Proyectos\\Classment_Academy_React_Version\\Api_Laravel\\example-app2\\vendor\\laravel\\framework\\src\\Illuminate\\Database\\Migrations\\Migrator.php(616): Illuminate\\Database\\Console\\Migrations\\MigrateCommand->Illuminate\\Database\\Console\\Migrations\\{closure}()
#4 C:\\Users\\luisp\\OneDrive\\Escritorio\\Proyectos\\Classment_Academy_React_Version\\Api_Laravel\\example-app2\\vendor\\laravel\\framework\\src\\Illuminate\\Database\\Console\\Migrations\\MigrateCommand.php(109): Illuminate\\Database\\Migrations\\Migrator->usingConnection(NULL, Object(Closure))
#5 C:\\Users\\luisp\\OneDrive\\Escritorio\\Proyectos\\Classment_Academy_React_Version\\Api_Laravel\\example-app2\\vendor\\laravel\\framework\\src\\Illuminate\\Database\\Console\\Migrations\\MigrateCommand.php(88): Illuminate\\Database\\Console\\Migrations\\MigrateCommand->runMigrations()
#6 C:\\Users\\luisp\\OneDrive\\Escritorio\\Proyectos\\Classment_Academy_React_Version\\Api_Laravel\\example-app2\\vendor\\laravel\\framework\\src\\Illuminate\\Container\\BoundMethod.php(36): Illuminate\\Database\\Console\\Migrations\\MigrateCommand->handle()
#7 C:\\Users\\luisp\\OneDrive\\Escritorio\\Proyectos\\Classment_Academy_React_Version\\Api_Laravel\\example-app2\\vendor\\laravel\\framework\\src\\Illuminate\\Container\\Util.php(43): Illuminate\\Container\\BoundMethod::Illuminate\\Container\\{closure}()
#8 C:\\Users\\luisp\\OneDrive\\Escritorio\\Proyectos\\Classment_Academy_React_Version\\Api_Laravel\\example-app2\\vendor\\laravel\\framework\\src\\Illuminate\\Container\\BoundMethod.php(95): Illuminate\\Container\\Util::unwrapIfClosure(Object(Closure))
#9 C:\\Users\\luisp\\OneDrive\\Escritorio\\Proyectos\\Classment_Academy_React_Version\\Api_Laravel\\example-app2\\vendor\\laravel\\framework\\src\\Illuminate\\Container\\BoundMethod.php(35): Illuminate\\Container\\BoundMethod::callBoundMethod(Object(Illuminate\\Foundation\\Application), Array, Object(Closure))
#10 C:\\Users\\luisp\\OneDrive\\Escritorio\\Proyectos\\Classment_Academy_React_Version\\Api_Laravel\\example-app2\\vendor\\laravel\\framework\\src\\Illuminate\\Container\\Container.php(694): Illuminate\\Container\\BoundMethod::call(Object(Illuminate\\Foundation\\Application), Array, Array, NULL)
#11 C:\\Users\\luisp\\OneDrive\\Escritorio\\Proyectos\\Classment_Academy_React_Version\\Api_Laravel\\example-app2\\vendor\\laravel\\framework\\src\\Illuminate\\Console\\Command.php(213): Illuminate\\Container\\Container->call(Array)
#12 C:\\Users\\luisp\\OneDrive\\Escritorio\\Proyectos\\Classment_Academy_React_Version\\Api_Laravel\\example-app2\\vendor\\symfony\\console\\Command\\Command.php(279): Illuminate\\Console\\Command->execute(Object(Symfony\\Component\\Console\\Input\\ArgvInput), Object(Illuminate\\Console\\OutputStyle))
#13 C:\\Users\\luisp\\OneDrive\\Escritorio\\Proyectos\\Classment_Academy_React_Version\\Api_Laravel\\example-app2\\vendor\\laravel\\framework\\src\\Illuminate\\Console\\Command.php(182): Symfony\\Component\\Console\\Command\\Command->run(Object(Symfony\\Component\\Console\\Input\\ArgvInput), Object(Illuminate\\Console\\OutputStyle))
#14 C:\\Users\\luisp\\OneDrive\\Escritorio\\Proyectos\\Classment_Academy_React_Version\\Api_Laravel\\example-app2\\vendor\\symfony\\console\\Application.php(1047): Illuminate\\Console\\Command->run(Object(Symfony\\Component\\Console\\Input\\ArgvInput), Object(Symfony\\Component\\Console\\Output\\ConsoleOutput))
#15 C:\\Users\\luisp\\OneDrive\\Escritorio\\Proyectos\\Classment_Academy_React_Version\\Api_Laravel\\example-app2\\vendor\\symfony\\console\\Application.php(316): Symfony\\Component\\Console\\Application->doRunCommand(Object(Illuminate\\Database\\Console\\Migrations\\MigrateCommand), Object(Symfony\\Component\\Console\\Input\\ArgvInput), Object(Symfony\\Component\\Console\\Output\\ConsoleOutput))
#16 C:\\Users\\luisp\\OneDrive\\Escritorio\\Proyectos\\Classment_Academy_React_Version\\Api_Laravel\\example-app2\\vendor\\symfony\\console\\Application.php(167): Symfony\\Component\\Console\\Application->doRun(Object(Symfony\\Component\\Console\\Input\\ArgvInput), Object(Symfony\\Component\\Console\\Output\\ConsoleOutput))
#17 C:\\Users\\luisp\\OneDrive\\Escritorio\\Proyectos\\Classment_Academy_React_Version\\Api_Laravel\\example-app2\\vendor\\laravel\\framework\\src\\Illuminate\\Foundation\\Console\\Kernel.php(197): Symfony\\Component\\Console\\Application->run(Object(Symfony\\Component\\Console\\Input\\ArgvInput), Object(Symfony\\Component\\Console\\Output\\ConsoleOutput))
#18 C:\\Users\\luisp\\OneDrive\\Escritorio\\Proyectos\\Classment_Academy_React_Version\\Api_Laravel\\example-app2\\vendor\\laravel\\framework\\src\\Illuminate\\Foundation\\Application.php(1205): Illuminate\\Foundation\\Console\\Kernel->handle(Object(Symfony\\Component\\Console\\Input\\ArgvInput), Object(Symfony\\Component\\Console\\Output\\ConsoleOutput))
#19 C:\\Users\\luisp\\OneDrive\\Escritorio\\Proyectos\\Classment_Academy_React_Version\\Api_Laravel\\example-app2\\artisan(13): Illuminate\\Foundation\\Application->handleCommand(Object(Symfony\\Component\\Console\\Input\\ArgvInput))
#20 {main}
"} 
